<?xml version="1.0" encoding="UTF-8"?>
<!-- Generated by org.testng.reporters.JUnitReportReporter -->
<testsuite hostname="IBM-G1N8QM3" failures="0" tests="1" name="tests.OrangeHRMLoginTest" time="2.012" errors="0" timestamp="2023-06-07T11:55:24 IST" skipped="0">
  <testcase classname="tests.OrangeHRMLoginTest" name="loginTest" time="2.012"/>
  <system-out/>
</testsuite> <!-- tests.OrangeHRMLoginTest -->
